<?xml version="1.0" encoding="UTF-8"?>
<testsuite name="com.g44.model.PositionTest" tests="8" skipped="0" failures="0" errors="0" timestamp="2020-05-31T18:10:49" hostname="LAPTOP-GER1ALIG" time="0.003">
  <properties/>
  <testcase name="downPositionTest" classname="com.g44.model.PositionTest" time="0.0"/>
  <testcase name="upPositionTest" classname="com.g44.model.PositionTest" time="0.0"/>
  <testcase name="leftPositionTest" classname="com.g44.model.PositionTest" time="0.0"/>
  <testcase name="getTest" classname="com.g44.model.PositionTest" time="0.0"/>
  <testcase name="equalsTest" classname="com.g44.model.PositionTest" time="0.0"/>
  <testcase name="setXTest" classname="com.g44.model.PositionTest" time="0.001"/>
  <testcase name="setYTest" classname="com.g44.model.PositionTest" time="0.0"/>
  <testcase name="rightPositionTest" classname="com.g44.model.PositionTest" time="0.0"/>
  <system-out><![CDATA[]]></system-out>
  <system-err><![CDATA[]]></system-err>
</testsuite>
