<?xml version="1.0" encoding="UTF-8"?>
<testsuite name="com.g44.model.SPTopScoreTest" tests="5" skipped="0" failures="0" errors="0" timestamp="2020-05-31T22:54:36" hostname="LAPTOP-GER1ALIG" time="0.004">
  <properties/>
  <testcase name="testFileReaderAndGet" classname="com.g44.model.SPTopScoreTest" time="0.001"/>
  <testcase name="testFileWritter" classname="com.g44.model.SPTopScoreTest" time="0.002"/>
  <testcase name="testIncrementScore" classname="com.g44.model.SPTopScoreTest" time="0.001"/>
  <testcase name="testConstructor" classname="com.g44.model.SPTopScoreTest" time="0.0"/>
  <testcase name="testSetScore" classname="com.g44.model.SPTopScoreTest" time="0.0"/>
  <system-out><![CDATA[]]></system-out>
  <system-err><![CDATA[]]></system-err>
</testsuite>
