<?xml version="1.0" encoding="UTF-8"?>
<testsuite name="data.ArenaTest" tests="7" skipped="0" failures="0" errors="0" timestamp="2020-05-31T00:30:44" hostname="LAPTOP-DDA1VVIE" time="0.018">
  <properties/>
  <testcase name="checkCollisionsTest" classname="data.ArenaTest" time="0.004"/>
  <testcase name="testBuildWalls" classname="data.ArenaTest" time="0.001"/>
  <testcase name="getColidingTest" classname="data.ArenaTest" time="0.003"/>
  <testcase name="growSnakeTest" classname="data.ArenaTest" time="0.001"/>
  <testcase name="eatAppleTest" classname="data.ArenaTest" time="0.003"/>
  <testcase name="walkSnakeTest" classname="data.ArenaTest" time="0.001"/>
  <testcase name="testConstructor" classname="data.ArenaTest" time="0.001"/>
  <system-out><![CDATA[]]></system-out>
  <system-err><![CDATA[]]></system-err>
</testsuite>
