<?xml version="1.0" encoding="UTF-8"?>
<testsuite name="data.SnakeTest" tests="5" skipped="0" failures="0" errors="0" timestamp="2020-05-03T21:19:33" hostname="LAPTOP-GER1ALIG" time="0.003">
  <properties/>
  <testcase name="testSetHeadPosition" classname="data.SnakeTest" time="0.0"/>
  <testcase name="testSetLength" classname="data.SnakeTest" time="0.0"/>
  <testcase name="testSetBody" classname="data.SnakeTest" time="0.0"/>
  <testcase name="testSetPos" classname="data.SnakeTest" time="0.0"/>
  <testcase name="testConstructor" classname="data.SnakeTest" time="0.001"/>
  <system-out><![CDATA[]]></system-out>
  <system-err><![CDATA[]]></system-err>
</testsuite>
